13/02/2021 12:17:07	This log contains information about the import schema operation into project 'MicroDadosCaged' on computer 'DESKTOP-7HE4JS7' by user 'luizf'.
13/02/2021 12:17:07	Import of database schema has started.
13/02/2021 12:17:13	Gathering database credentials
13/02/2021 12:17:13	Gathering database options
13/02/2021 12:17:13	Gathering generic database scoped configuration option
13/02/2021 12:17:13	Gathering users
13/02/2021 12:17:13	Gathering roles
13/02/2021 12:17:13	Gathering application roles
13/02/2021 12:17:13	Gathering role memberships
13/02/2021 12:17:13	Gathering filegroups
13/02/2021 12:17:13	Gathering full-text catalogs
13/02/2021 12:17:13	Gathering assemblies
13/02/2021 12:17:13	Gathering certificates
13/02/2021 12:17:13	Gathering asymmetric keys
13/02/2021 12:17:13	Gathering symmetric keys
13/02/2021 12:17:13	Gathering encrypted symmetric keys
13/02/2021 12:17:13	Gathering schemas
13/02/2021 12:17:13	Gathering XML schema collections
13/02/2021 12:17:13	Gathering user-defined data types
13/02/2021 12:17:13	Gathering user-defined types
13/02/2021 12:17:13	Gathering table types
13/02/2021 12:17:13	Gathering unique keys for table types
13/02/2021 12:17:13	Gathering primary keys for table types
13/02/2021 12:17:13	Gathering indexes for table types
13/02/2021 12:17:14	Gathering check constraints for table types
13/02/2021 12:17:14	Gathering default constraints for table types
13/02/2021 12:17:14	Gathering partition functions
13/02/2021 12:17:14	Gathering partition schemes
13/02/2021 12:17:14	Gathering functions
13/02/2021 12:17:14	Gathering encrypted functions
13/02/2021 12:17:14	Gathering aggregates
13/02/2021 12:17:14	Gathering procedures
13/02/2021 12:17:14	Gathering encrypted procedures
13/02/2021 12:17:14	Gathering tables
13/02/2021 12:17:14	Gathering primary keys
13/02/2021 12:17:14	Gathering unique constraints
13/02/2021 12:17:14	Gathering foreign keys
13/02/2021 12:17:14	Gathering default constraints
13/02/2021 12:17:14	Gathering check constraints
13/02/2021 12:17:14	Gathering views
13/02/2021 12:17:14	Gathering encrypted views
13/02/2021 12:17:14	Gathering indexes
13/02/2021 12:17:14	Gathering statistics
13/02/2021 12:17:14	Gathering full-text index stoplists
13/02/2021 12:17:14	Gathering search property lists
13/02/2021 12:17:14	Gathering search properties
13/02/2021 12:17:14	Gathering full-text indexes
13/02/2021 12:17:14	Gathering column store indexes
13/02/2021 12:17:14	Gathering spatial indexes
13/02/2021 12:17:14	Gathering XML indexes
13/02/2021 12:17:14	Gathering Selective XML indexes
13/02/2021 12:17:14	Gathering encrypted triggers
13/02/2021 12:17:14	Gathering triggers
13/02/2021 12:17:14	Gathering encrypted and clr ddl triggers
13/02/2021 12:17:14	Gathering ddl triggers
13/02/2021 12:17:14	Creating edge constraints
13/02/2021 12:17:14	Gathering synonyms
13/02/2021 12:17:14	Gathering defaults
13/02/2021 12:17:14	Gathering data constraint uddt bindings
13/02/2021 12:17:14	Gathering rules
13/02/2021 12:17:14	Gathering data constraint uddt bindings
13/02/2021 12:17:14	Gathering message types
13/02/2021 12:17:14	Gathering queues
13/02/2021 12:17:14	Gathering contracts
13/02/2021 12:17:14	Gathering services
13/02/2021 12:17:14	Gathering event notifications
13/02/2021 12:17:14	Gathering remote service bindings
13/02/2021 12:17:14	Gathering broker priorities
13/02/2021 12:17:14	Gathering signatures
13/02/2021 12:17:14	Gathering data compression options
13/02/2021 12:17:14	Gathering sequence types
13/02/2021 12:17:14	Gathering security policies
13/02/2021 12:17:14	Gather column encryption keys
13/02/2021 12:17:14	Gathering column master keys
13/02/2021 12:17:14	Gathering external data sources
13/02/2021 12:17:14	Gathering external file formats
13/02/2021 12:17:14	Gathering external tables
13/02/2021 12:17:14	Gathering extended properties
13/02/2021 12:17:15	Gathering credentials
13/02/2021 12:17:15	Gathering logins
13/02/2021 12:17:15	Gathering server audits
13/02/2021 12:17:15	Finished importing database.
13/02/2021 12:17:15	A summary of the import was saved to the following location: D:\luizf\source\repos\MicroDadosCaged\Import Schema Logs\MicroDadosCaged_20210213031707.log
13/02/2021 12:17:15	Click Finish to continue...
